16:02:43.142 [main] ERROR o.s.b.w.e.t.TomcatStarter - [onStartup,61] - Error starting Tomcat context. Exception: org.springframework.beans.factory.UnsatisfiedDependencyException. Message: Error creating bean with name 'validateCodeFilter' defined in file [E:\springCloudProject\webgame-cloud\webgame-auth\target\classes\com\webgame\auth\filter\ValidateCodeFilter.class]: Unsatisfied dependency expressed through constructor parameter 0; nested exception is org.springframework.beans.factory.UnsatisfiedDependencyException: Error creating bean with name 'validateCodeServiceImpl' defined in file [E:\springCloudProject\webgame-cloud\webgame-auth\target\classes\com\webgame\auth\service\impl\ValidateCodeServiceImpl.class]: Unsatisfied dependency expressed through constructor parameter 0; nested exception is org.springframework.beans.factory.NoSuchBeanDefinitionException: No qualifying bean of type 'com.webgame.common.redis.service.RedisService' available: expected at least 1 bean which qualifies as autowire candidate. Dependency annotations: {}
16:02:43.465 [main] ERROR o.s.b.d.LoggingFailureAnalysisReporter - [report,40] - 

***************************
APPLICATION FAILED TO START
***************************

Description:

Parameter 0 of constructor in com.webgame.auth.service.impl.ValidateCodeServiceImpl required a bean of type 'com.webgame.common.redis.service.RedisService' that could not be found.


Action:

Consider defining a bean of type 'com.webgame.common.redis.service.RedisService' in your configuration.

16:17:23.562 [main] ERROR o.s.b.w.e.t.TomcatStarter - [onStartup,61] - Error starting Tomcat context. Exception: org.springframework.beans.factory.BeanCreationException. Message: Error creating bean with name 'springSecurityFilterChain' defined in class path resource [org/springframework/security/config/annotation/web/configuration/WebSecurityConfiguration.class]: Bean instantiation via factory method failed; nested exception is org.springframework.beans.BeanInstantiationException: Failed to instantiate [javax.servlet.Filter]: Factory method 'springSecurityFilterChain' threw exception; nested exception is org.springframework.beans.factory.UnsatisfiedDependencyException: Error creating bean with name 'inMemoryUserDetailsManager' defined in class path resource [org/springframework/boot/autoconfigure/security/servlet/UserDetailsServiceAutoConfiguration.class]: Unsatisfied dependency expressed through method 'inMemoryUserDetailsManager' parameter 0; nested exception is org.springframework.beans.factory.NoSuchBeanDefinitionException: No qualifying bean of type 'org.springframework.boot.autoconfigure.security.SecurityProperties' available: expected at least 1 bean which qualifies as autowire candidate. Dependency annotations: {}
16:17:23.850 [main] ERROR o.s.b.d.LoggingFailureAnalysisReporter - [report,40] - 

***************************
APPLICATION FAILED TO START
***************************

Description:

Parameter 0 of method inMemoryUserDetailsManager in org.springframework.boot.autoconfigure.security.servlet.UserDetailsServiceAutoConfiguration required a bean of type 'org.springframework.boot.autoconfigure.security.SecurityProperties' that could not be found.


Action:

Consider defining a bean of type 'org.springframework.boot.autoconfigure.security.SecurityProperties' in your configuration.

16:20:05.468 [main] ERROR o.s.b.w.e.t.TomcatStarter - [onStartup,61] - Error starting Tomcat context. Exception: org.springframework.beans.factory.BeanCreationException. Message: Error creating bean with name 'springSecurityFilterChain' defined in class path resource [org/springframework/security/config/annotation/web/configuration/WebSecurityConfiguration.class]: Bean instantiation via factory method failed; nested exception is org.springframework.beans.BeanInstantiationException: Failed to instantiate [javax.servlet.Filter]: Factory method 'springSecurityFilterChain' threw exception; nested exception is org.springframework.beans.factory.UnsatisfiedDependencyException: Error creating bean with name 'inMemoryUserDetailsManager' defined in class path resource [org/springframework/boot/autoconfigure/security/servlet/UserDetailsServiceAutoConfiguration.class]: Unsatisfied dependency expressed through method 'inMemoryUserDetailsManager' parameter 0; nested exception is org.springframework.beans.factory.NoSuchBeanDefinitionException: No qualifying bean of type 'org.springframework.boot.autoconfigure.security.SecurityProperties' available: expected at least 1 bean which qualifies as autowire candidate. Dependency annotations: {}
16:20:05.698 [main] ERROR o.s.b.d.LoggingFailureAnalysisReporter - [report,40] - 

***************************
APPLICATION FAILED TO START
***************************

Description:

Parameter 0 of method inMemoryUserDetailsManager in org.springframework.boot.autoconfigure.security.servlet.UserDetailsServiceAutoConfiguration required a bean of type 'org.springframework.boot.autoconfigure.security.SecurityProperties' that could not be found.


Action:

Consider defining a bean of type 'org.springframework.boot.autoconfigure.security.SecurityProperties' in your configuration.

